<?xml version="1.0" encoding="UTF-8"?>
<!-- Generated by org.testng.reporters.JUnitReportReporter -->
<testsuite hostname="ChunChews-MacBook-Pro.local" name="test.TestEduLoginWithPageFactory" tests="4" failures="0" timestamp="17 Jan 2017 02:12:39 GMT" time="0.918" errors="0">
  <testcase name="test_Login_InCorrect" time="0.229" classname="test.TestEduLoginWithPageFactory"/>
  <testcase name="test_goto_forgetPassword" time="0.135" classname="test.TestEduLoginWithPageFactory"/>
  <testcase name="test_Login_Correct" time="0.240" classname="test.TestEduLoginWithPageFactory"/>
  <testcase name="test_Login_Page_Appear_Correct" time="0.314" classname="test.TestEduLoginWithPageFactory"/>
</testsuite> <!-- test.TestEduLoginWithPageFactory -->
